[2024-03-29 15:36:30] production.ERROR: No application encryption key has been specified. {"exception":"[object] (RuntimeException(code: 0): No application encryption key has been specified. at D:\\file_moi\\xampp\\htdocs\\Khoaluantotnghiep\\kdcl-2023\\vendor\\laravel\\framework\\src\\Illuminate\\Encryption\\EncryptionServiceProvider.php:80)
[stacktrace]
#0 D:\\file_moi\\xampp\\htdocs\\Khoaluantotnghiep\\kdcl-2023\\vendor\\laravel\\framework\\src\\Illuminate\\Support\\helpers.php(422): Illuminate\\Encryption\\EncryptionServiceProvider->Illuminate\\Encryption\\{closure}(NULL)
#1 D:\\file_moi\\xampp\\htdocs\\Khoaluantotnghiep\\kdcl-2023\\vendor\\laravel\\framework\\src\\Illuminate\\Encryption\\EncryptionServiceProvider.php(84): tap(NULL, Object(Closure))
#2 D:\\file_moi\\xampp\\htdocs\\Khoaluantotnghiep\\kdcl-2023\\vendor\\laravel\\framework\\src\\Illuminate\\Encryption\\EncryptionServiceProvider.php(61): Illuminate\\Encryption\\EncryptionServiceProvider->key(Array)
#3 D:\\file_moi\\xampp\\htdocs\\Khoaluantotnghiep\\kdcl-2023\\vendor\\laravel\\framework\\src\\Illuminate\\Encryption\\EncryptionServiceProvider.php(33): Illuminate\\Encryption\\EncryptionServiceProvider->parseKey(Array)
#4 D:\\file_moi\\xampp\\htdocs\\Khoaluantotnghiep\\kdcl-2023\\vendor\\laravel\\framework\\src\\Illuminate\\Container\\Container.php(799): Illuminate\\Encryption\\EncryptionServiceProvider->Illuminate\\Encryption\\{closure}(Object(Illuminate\\Foundation\\Application), Array)
#5 D:\\file_moi\\xampp\\htdocs\\Khoaluantotnghiep\\kdcl-2023\\vendor\\laravel\\framework\\src\\Illuminate\\Container\\Container.php(681): Illuminate\\Container\\Container->build(Object(Closure))
#6 D:\\file_moi\\xampp\\htdocs\\Khoaluantotnghiep\\kdcl-2023\\vendor\\laravel\\framework\\src\\Illuminate\\Foundation\\Application.php(785): Illuminate\\Container\\Container->resolve('encrypter', Array, true)
#7 D:\\file_moi\\xampp\\htdocs\\Khoaluantotnghiep\\kdcl-2023\\vendor\\laravel\\framework\\src\\Illuminate\\Container\\Container.php(629): Illuminate\\Foundation\\Application->resolve('encrypter', Array)
#8 D:\\file_moi\\xampp\\htdocs\\Khoaluantotnghiep\\kdcl-2023\\vendor\\laravel\\framework\\src\\Illuminate\\Foundation\\Application.php(770): Illuminate\\Container\\Container->make('encrypter', Array)
#9 D:\\file_moi\\xampp\\htdocs\\Khoaluantotnghiep\\kdcl-2023\\vendor\\laravel\\framework\\src\\Illuminate\\Container\\Container.php(945): Illuminate\\Foundation\\Application->make('encrypter')
#10 D:\\file_moi\\xampp\\htdocs\\Khoaluantotnghiep\\kdcl-2023\\vendor\\laravel\\framework\\src\\Illuminate\\Container\\Container.php(873): Illuminate\\Container\\Container->resolveClass(Object(ReflectionParameter))
#11 D:\\file_moi\\xampp\\htdocs\\Khoaluantotnghiep\\kdcl-2023\\vendor\\laravel\\framework\\src\\Illuminate\\Container\\Container.php(834): Illuminate\\Container\\Container->resolveDependencies(Array)
#12 D:\\file_moi\\xampp\\htdocs\\Khoaluantotnghiep\\kdcl-2023\\vendor\\laravel\\framework\\src\\Illuminate\\Container\\Container.php(681): Illuminate\\Container\\Container->build('App\\\\Http\\\\Middle...')
#13 D:\\file_moi\\xampp\\htdocs\\Khoaluantotnghiep\\kdcl-2023\\vendor\\laravel\\framework\\src\\Illuminate\\Foundation\\Application.php(785): Illuminate\\Container\\Container->resolve('App\\\\Http\\\\Middle...', Array, true)
#14 D:\\file_moi\\xampp\\htdocs\\Khoaluantotnghiep\\kdcl-2023\\vendor\\laravel\\framework\\src\\Illuminate\\Container\\Container.php(629): Illuminate\\Foundation\\Application->resolve('App\\\\Http\\\\Middle...', Array)
#15 D:\\file_moi\\xampp\\htdocs\\Khoaluantotnghiep\\kdcl-2023\\vendor\\laravel\\framework\\src\\Illuminate\\Foundation\\Application.php(770): Illuminate\\Container\\Container->make('App\\\\Http\\\\Middle...', Array)
#16 D:\\file_moi\\xampp\\htdocs\\Khoaluantotnghiep\\kdcl-2023\\vendor\\laravel\\framework\\src\\Illuminate\\Pipeline\\Pipeline.php(160): Illuminate\\Foundation\\Application->make('App\\\\Http\\\\Middle...')
#17 D:\\file_moi\\xampp\\htdocs\\Khoaluantotnghiep\\kdcl-2023\\vendor\\laravel\\framework\\src\\Illuminate\\Pipeline\\Pipeline.php(105): Illuminate\\Pipeline\\Pipeline->Illuminate\\Pipeline\\{closure}(Object(Illuminate\\Http\\Request))
#18 D:\\file_moi\\xampp\\htdocs\\Khoaluantotnghiep\\kdcl-2023\\vendor\\laravel\\framework\\src\\Illuminate\\Routing\\Router.php(683): Illuminate\\Pipeline\\Pipeline->then(Object(Closure))
#19 D:\\file_moi\\xampp\\htdocs\\Khoaluantotnghiep\\kdcl-2023\\vendor\\laravel\\framework\\src\\Illuminate\\Routing\\Router.php(658): Illuminate\\Routing\\Router->runRouteWithinStack(Object(Illuminate\\Routing\\Route), Object(Illuminate\\Http\\Request))
#20 D:\\file_moi\\xampp\\htdocs\\Khoaluantotnghiep\\kdcl-2023\\vendor\\laravel\\framework\\src\\Illuminate\\Routing\\Router.php(624): Illuminate\\Routing\\Router->runRoute(Object(Illuminate\\Http\\Request), Object(Illuminate\\Routing\\Route))
#21 D:\\file_moi\\xampp\\htdocs\\Khoaluantotnghiep\\kdcl-2023\\vendor\\laravel\\framework\\src\\Illuminate\\Routing\\Router.php(613): Illuminate\\Routing\\Router->dispatchToRoute(Object(Illuminate\\Http\\Request))
#22 D:\\file_moi\\xampp\\htdocs\\Khoaluantotnghiep\\kdcl-2023\\vendor\\laravel\\framework\\src\\Illuminate\\Foundation\\Http\\Kernel.php(170): Illuminate\\Routing\\Router->dispatch(Object(Illuminate\\Http\\Request))
#23 D:\\file_moi\\xampp\\htdocs\\Khoaluantotnghiep\\kdcl-2023\\vendor\\laravel\\framework\\src\\Illuminate\\Pipeline\\Pipeline.php(130): Illuminate\\Foundation\\Http\\Kernel->Illuminate\\Foundation\\Http\\{closure}(Object(Illuminate\\Http\\Request))
#24 D:\\file_moi\\xampp\\htdocs\\Khoaluantotnghiep\\kdcl-2023\\vendor\\barryvdh\\laravel-debugbar\\src\\Middleware\\InjectDebugbar.php(60): Illuminate\\Pipeline\\Pipeline->Illuminate\\Pipeline\\{closure}(Object(Illuminate\\Http\\Request))
#25 D:\\file_moi\\xampp\\htdocs\\Khoaluantotnghiep\\kdcl-2023\\vendor\\laravel\\framework\\src\\Illuminate\\Pipeline\\Pipeline.php(171): Barryvdh\\Debugbar\\Middleware\\InjectDebugbar->handle(Object(Illuminate\\Http\\Request), Object(Closure))
#26 D:\\file_moi\\xampp\\htdocs\\Khoaluantotnghiep\\kdcl-2023\\vendor\\laravel\\framework\\src\\Illuminate\\Foundation\\Http\\Middleware\\TransformsRequest.php(21): Illuminate\\Pipeline\\Pipeline->Illuminate\\Pipeline\\{closure}(Object(Illuminate\\Http\\Request))
#27 D:\\file_moi\\xampp\\htdocs\\Khoaluantotnghiep\\kdcl-2023\\vendor\\laravel\\framework\\src\\Illuminate\\Pipeline\\Pipeline.php(171): Illuminate\\Foundation\\Http\\Middleware\\TransformsRequest->handle(Object(Illuminate\\Http\\Request), Object(Closure))
#28 D:\\file_moi\\xampp\\htdocs\\Khoaluantotnghiep\\kdcl-2023\\vendor\\laravel\\framework\\src\\Illuminate\\Foundation\\Http\\Middleware\\TransformsRequest.php(21): Illuminate\\Pipeline\\Pipeline->Illuminate\\Pipeline\\{closure}(Object(Illuminate\\Http\\Request))
#29 D:\\file_moi\\xampp\\htdocs\\Khoaluantotnghiep\\kdcl-2023\\vendor\\laravel\\framework\\src\\Illuminate\\Pipeline\\Pipeline.php(171): Illuminate\\Foundation\\Http\\Middleware\\TransformsRequest->handle(Object(Illuminate\\Http\\Request), Object(Closure))
#30 D:\\file_moi\\xampp\\htdocs\\Khoaluantotnghiep\\kdcl-2023\\vendor\\laravel\\framework\\src\\Illuminate\\Foundation\\Http\\Middleware\\ValidatePostSize.php(27): Illuminate\\Pipeline\\Pipeline->Illuminate\\Pipeline\\{closure}(Object(Illuminate\\Http\\Request))
#31 D:\\file_moi\\xampp\\htdocs\\Khoaluantotnghiep\\kdcl-2023\\vendor\\laravel\\framework\\src\\Illuminate\\Pipeline\\Pipeline.php(171): Illuminate\\Foundation\\Http\\Middleware\\ValidatePostSize->handle(Object(Illuminate\\Http\\Request), Object(Closure))
#32 D:\\file_moi\\xampp\\htdocs\\Khoaluantotnghiep\\kdcl-2023\\vendor\\laravel\\framework\\src\\Illuminate\\Foundation\\Http\\Middleware\\CheckForMaintenanceMode.php(63): Illuminate\\Pipeline\\Pipeline->Illuminate\\Pipeline\\{closure}(Object(Illuminate\\Http\\Request))
#33 D:\\file_moi\\xampp\\htdocs\\Khoaluantotnghiep\\kdcl-2023\\vendor\\laravel\\framework\\src\\Illuminate\\Pipeline\\Pipeline.php(171): Illuminate\\Foundation\\Http\\Middleware\\CheckForMaintenanceMode->handle(Object(Illuminate\\Http\\Request), Object(Closure))
#34 D:\\file_moi\\xampp\\htdocs\\Khoaluantotnghiep\\kdcl-2023\\vendor\\fideloper\\proxy\\src\\TrustProxies.php(57): Illuminate\\Pipeline\\Pipeline->Illuminate\\Pipeline\\{closure}(Object(Illuminate\\Http\\Request))
#35 D:\\file_moi\\xampp\\htdocs\\Khoaluantotnghiep\\kdcl-2023\\vendor\\laravel\\framework\\src\\Illuminate\\Pipeline\\Pipeline.php(171): Fideloper\\Proxy\\TrustProxies->handle(Object(Illuminate\\Http\\Request), Object(Closure))
#36 D:\\file_moi\\xampp\\htdocs\\Khoaluantotnghiep\\kdcl-2023\\vendor\\laravel\\framework\\src\\Illuminate\\Pipeline\\Pipeline.php(105): Illuminate\\Pipeline\\Pipeline->Illuminate\\Pipeline\\{closure}(Object(Illuminate\\Http\\Request))
#37 D:\\file_moi\\xampp\\htdocs\\Khoaluantotnghiep\\kdcl-2023\\vendor\\laravel\\framework\\src\\Illuminate\\Foundation\\Http\\Kernel.php(145): Illuminate\\Pipeline\\Pipeline->then(Object(Closure))
#38 D:\\file_moi\\xampp\\htdocs\\Khoaluantotnghiep\\kdcl-2023\\vendor\\laravel\\framework\\src\\Illuminate\\Foundation\\Http\\Kernel.php(110): Illuminate\\Foundation\\Http\\Kernel->sendRequestThroughRouter(Object(Illuminate\\Http\\Request))
#39 D:\\file_moi\\xampp\\htdocs\\Khoaluantotnghiep\\kdcl-2023\\public\\index.php(55): Illuminate\\Foundation\\Http\\Kernel->handle(Object(Illuminate\\Http\\Request))
#40 {main}
"} 
[2024-03-29 15:36:30] production.ERROR: No application encryption key has been specified. {"exception":"[object] (RuntimeException(code: 0): No application encryption key has been specified. at D:\\file_moi\\xampp\\htdocs\\Khoaluantotnghiep\\kdcl-2023\\vendor\\laravel\\framework\\src\\Illuminate\\Encryption\\EncryptionServiceProvider.php:80)
[stacktrace]
#0 D:\\file_moi\\xampp\\htdocs\\Khoaluantotnghiep\\kdcl-2023\\vendor\\laravel\\framework\\src\\Illuminate\\Support\\helpers.php(422): Illuminate\\Encryption\\EncryptionServiceProvider->Illuminate\\Encryption\\{closure}(NULL)
#1 D:\\file_moi\\xampp\\htdocs\\Khoaluantotnghiep\\kdcl-2023\\vendor\\laravel\\framework\\src\\Illuminate\\Encryption\\EncryptionServiceProvider.php(84): tap(NULL, Object(Closure))
#2 D:\\file_moi\\xampp\\htdocs\\Khoaluantotnghiep\\kdcl-2023\\vendor\\laravel\\framework\\src\\Illuminate\\Encryption\\EncryptionServiceProvider.php(61): Illuminate\\Encryption\\EncryptionServiceProvider->key(Array)
#3 D:\\file_moi\\xampp\\htdocs\\Khoaluantotnghiep\\kdcl-2023\\vendor\\laravel\\framework\\src\\Illuminate\\Encryption\\EncryptionServiceProvider.php(33): Illuminate\\Encryption\\EncryptionServiceProvider->parseKey(Array)
#4 D:\\file_moi\\xampp\\htdocs\\Khoaluantotnghiep\\kdcl-2023\\vendor\\laravel\\framework\\src\\Illuminate\\Container\\Container.php(799): Illuminate\\Encryption\\EncryptionServiceProvider->Illuminate\\Encryption\\{closure}(Object(Illuminate\\Foundation\\Application), Array)
#5 D:\\file_moi\\xampp\\htdocs\\Khoaluantotnghiep\\kdcl-2023\\vendor\\laravel\\framework\\src\\Illuminate\\Container\\Container.php(681): Illuminate\\Container\\Container->build(Object(Closure))
#6 D:\\file_moi\\xampp\\htdocs\\Khoaluantotnghiep\\kdcl-2023\\vendor\\laravel\\framework\\src\\Illuminate\\Foundation\\Application.php(785): Illuminate\\Container\\Container->resolve('encrypter', Array, true)
#7 D:\\file_moi\\xampp\\htdocs\\Khoaluantotnghiep\\kdcl-2023\\vendor\\laravel\\framework\\src\\Illuminate\\Container\\Container.php(629): Illuminate\\Foundation\\Application->resolve('encrypter', Array)
#8 D:\\file_moi\\xampp\\htdocs\\Khoaluantotnghiep\\kdcl-2023\\vendor\\laravel\\framework\\src\\Illuminate\\Foundation\\Application.php(770): Illuminate\\Container\\Container->make('encrypter', Array)
#9 D:\\file_moi\\xampp\\htdocs\\Khoaluantotnghiep\\kdcl-2023\\vendor\\laravel\\framework\\src\\Illuminate\\Container\\Container.php(945): Illuminate\\Foundation\\Application->make('encrypter')
#10 D:\\file_moi\\xampp\\htdocs\\Khoaluantotnghiep\\kdcl-2023\\vendor\\laravel\\framework\\src\\Illuminate\\Container\\Container.php(873): Illuminate\\Container\\Container->resolveClass(Object(ReflectionParameter))
#11 D:\\file_moi\\xampp\\htdocs\\Khoaluantotnghiep\\kdcl-2023\\vendor\\laravel\\framework\\src\\Illuminate\\Container\\Container.php(834): Illuminate\\Container\\Container->resolveDependencies(Array)
#12 D:\\file_moi\\xampp\\htdocs\\Khoaluantotnghiep\\kdcl-2023\\vendor\\laravel\\framework\\src\\Illuminate\\Container\\Container.php(681): Illuminate\\Container\\Container->build('App\\\\Http\\\\Middle...')
#13 D:\\file_moi\\xampp\\htdocs\\Khoaluantotnghiep\\kdcl-2023\\vendor\\laravel\\framework\\src\\Illuminate\\Foundation\\Application.php(785): Illuminate\\Container\\Container->resolve('App\\\\Http\\\\Middle...', Array, true)
#14 D:\\file_moi\\xampp\\htdocs\\Khoaluantotnghiep\\kdcl-2023\\vendor\\laravel\\framework\\src\\Illuminate\\Container\\Container.php(629): Illuminate\\Foundation\\Application->resolve('App\\\\Http\\\\Middle...', Array)
#15 D:\\file_moi\\xampp\\htdocs\\Khoaluantotnghiep\\kdcl-2023\\vendor\\laravel\\framework\\src\\Illuminate\\Foundation\\Application.php(770): Illuminate\\Container\\Container->make('App\\\\Http\\\\Middle...', Array)
#16 D:\\file_moi\\xampp\\htdocs\\Khoaluantotnghiep\\kdcl-2023\\vendor\\laravel\\framework\\src\\Illuminate\\Foundation\\Http\\Kernel.php(209): Illuminate\\Foundation\\Application->make('App\\\\Http\\\\Middle...')
#17 D:\\file_moi\\xampp\\htdocs\\Khoaluantotnghiep\\kdcl-2023\\vendor\\laravel\\framework\\src\\Illuminate\\Foundation\\Http\\Kernel.php(183): Illuminate\\Foundation\\Http\\Kernel->terminateMiddleware(Object(Illuminate\\Http\\Request), Object(Illuminate\\Http\\JsonResponse))
#18 D:\\file_moi\\xampp\\htdocs\\Khoaluantotnghiep\\kdcl-2023\\public\\index.php(60): Illuminate\\Foundation\\Http\\Kernel->terminate(Object(Illuminate\\Http\\Request), Object(Illuminate\\Http\\JsonResponse))
#19 {main}
"} 
[2024-03-29 15:45:04] local.ERROR: ErrorException: Trying to get property 'loai_tieuchuan' of non-object in D:\file_moi\xampp\htdocs\Khoaluantotnghiep\kdcl-2023\app\Http\Controllers\Admin\Project\Tudanhgia\Database\databaseController.php:114
Stack trace:
#0 D:\file_moi\xampp\htdocs\Khoaluantotnghiep\kdcl-2023\app\Http\Controllers\Admin\Project\Tudanhgia\Database\databaseController.php(114): Illuminate\Foundation\Bootstrap\HandleExceptions->handleError(8, 'Trying to get p...', 'D:\\file_moi\\xam...', 114, Array)
#1 D:\file_moi\xampp\htdocs\Khoaluantotnghiep\kdcl-2023\vendor\laravel\framework\src\Illuminate\Container\BoundMethod.php(36): App\Http\Controllers\Admin\Project\Tudanhgia\Database\databaseController->App\Http\Controllers\Admin\Project\Tudanhgia\Database\{closure}(Object(stdClass))
#2 D:\file_moi\xampp\htdocs\Khoaluantotnghiep\kdcl-2023\vendor\laravel\framework\src\Illuminate\Container\Util.php(37): Illuminate\Container\BoundMethod::Illuminate\Container\{closure}()
#3 D:\file_moi\xampp\htdocs\Khoaluantotnghiep\kdcl-2023\vendor\laravel\framework\src\Illuminate\Container\BoundMethod.php(81): Illuminate\Container\Util::unwrapIfClosure(Object(Closure))
#4 D:\file_moi\xampp\htdocs\Khoaluantotnghiep\kdcl-2023\vendor\laravel\framework\src\Illuminate\Container\BoundMethod.php(37): Illuminate\Container\BoundMethod::callBoundMethod(Object(Illuminate\Foundation\Application), Object(Closure), Object(Closure))
#5 D:\file_moi\xampp\htdocs\Khoaluantotnghiep\kdcl-2023\vendor\laravel\framework\src\Illuminate\Container\Container.php(590): Illuminate\Container\BoundMethod::call(Object(Illuminate\Foundation\Application), Object(Closure), Array, NULL)
#6 D:\file_moi\xampp\htdocs\Khoaluantotnghiep\kdcl-2023\vendor\yajra\laravel-datatables-oracle\src\Utilities\Helper.php(71): Illuminate\Container\Container->call(Object(Closure), Array)
#7 D:\file_moi\xampp\htdocs\Khoaluantotnghiep\kdcl-2023\vendor\yajra\laravel-datatables-oracle\src\Processors\DataProcessor.php(137): Yajra\DataTables\Utilities\Helper::compileContent(Object(Closure), Array, Object(stdClass))
#8 D:\file_moi\xampp\htdocs\Khoaluantotnghiep\kdcl-2023\vendor\yajra\laravel-datatables-oracle\src\Processors\DataProcessor.php(106): Yajra\DataTables\Processors\DataProcessor->addColumns(Array, Object(stdClass))
#9 D:\file_moi\xampp\htdocs\Khoaluantotnghiep\kdcl-2023\vendor\yajra\laravel-datatables-oracle\src\DataTableAbstract.php(806): Yajra\DataTables\Processors\DataProcessor->process(true)
#10 D:\file_moi\xampp\htdocs\Khoaluantotnghiep\kdcl-2023\vendor\yajra\laravel-datatables-oracle\src\CollectionDataTable.php(164): Yajra\DataTables\DataTableAbstract->processResults(Array, true)
#11 D:\file_moi\xampp\htdocs\Khoaluantotnghiep\kdcl-2023\app\Http\Controllers\Admin\Project\Tudanhgia\Database\databaseController.php(124): Yajra\DataTables\CollectionDataTable->make(true)
#12 D:\file_moi\xampp\htdocs\Khoaluantotnghiep\kdcl-2023\vendor\laravel\framework\src\Illuminate\Routing\ControllerDispatcher.php(48): App\Http\Controllers\Admin\Project\Tudanhgia\Database\databaseController->data()
#13 D:\file_moi\xampp\htdocs\Khoaluantotnghiep\kdcl-2023\vendor\laravel\framework\src\Illuminate\Routing\Route.php(219): Illuminate\Routing\ControllerDispatcher->dispatch(Object(Illuminate\Routing\Route), Object(App\Http\Controllers\Admin\Project\Tudanhgia\Database\databaseController), 'data')
#14 D:\file_moi\xampp\htdocs\Khoaluantotnghiep\kdcl-2023\vendor\laravel\framework\src\Illuminate\Routing\Route.php(176): Illuminate\Routing\Route->runController()
#15 D:\file_moi\xampp\htdocs\Khoaluantotnghiep\kdcl-2023\vendor\laravel\framework\src\Illuminate\Routing\Router.php(681): Illuminate\Routing\Route->run()
#16 D:\file_moi\xampp\htdocs\Khoaluantotnghiep\kdcl-2023\vendor\laravel\framework\src\Illuminate\Pipeline\Pipeline.php(130): Illuminate\Routing\Router->Illuminate\Routing\{closure}(Object(Illuminate\Http\Request))
#17 D:\file_moi\xampp\htdocs\Khoaluantotnghiep\kdcl-2023\app\Http\Middleware\CheckSuperAdmin.php(29): Illuminate\Pipeline\Pipeline->Illuminate\Pipeline\{closure}(Object(Illuminate\Http\Request))
#18 D:\file_moi\xampp\htdocs\Khoaluantotnghiep\kdcl-2023\vendor\laravel\framework\src\Illuminate\Pipeline\Pipeline.php(171): App\Http\Middleware\CheckSuperAdmin->handle(Object(Illuminate\Http\Request), Object(Closure), 'admin', 'operator', 'ns_thuchien', 'ns_phutrach', 'ns_kiemtra', 'ttchuyentrach', 'truongdonvi', 'canboDBCL')
#19 D:\file_moi\xampp\htdocs\Khoaluantotnghiep\kdcl-2023\vendor\laravel\framework\src\Illuminate\Routing\Middleware\SubstituteBindings.php(41): Illuminate\Pipeline\Pipeline->Illuminate\Pipeline\{closure}(Object(Illuminate\Http\Request))
#20 D:\file_moi\xampp\htdocs\Khoaluantotnghiep\kdcl-2023\vendor\laravel\framework\src\Illuminate\Pipeline\Pipeline.php(171): Illuminate\Routing\Middleware\SubstituteBindings->handle(Object(Illuminate\Http\Request), Object(Closure))
#21 D:\file_moi\xampp\htdocs\Khoaluantotnghiep\kdcl-2023\vendor\laravel\framework\src\Illuminate\Foundation\Http\Middleware\VerifyCsrfToken.php(78): Illuminate\Pipeline\Pipeline->Illuminate\Pipeline\{closure}(Object(Illuminate\Http\Request))
#22 D:\file_moi\xampp\htdocs\Khoaluantotnghiep\kdcl-2023\vendor\laravel\framework\src\Illuminate\Pipeline\Pipeline.php(171): Illuminate\Foundation\Http\Middleware\VerifyCsrfToken->handle(Object(Illuminate\Http\Request), Object(Closure))
#23 D:\file_moi\xampp\htdocs\Khoaluantotnghiep\kdcl-2023\vendor\laravel\framework\src\Illuminate\View\Middleware\ShareErrorsFromSession.php(49): Illuminate\Pipeline\Pipeline->Illuminate\Pipeline\{closure}(Object(Illuminate\Http\Request))
#24 D:\file_moi\xampp\htdocs\Khoaluantotnghiep\kdcl-2023\vendor\laravel\framework\src\Illuminate\Pipeline\Pipeline.php(171): Illuminate\View\Middleware\ShareErrorsFromSession->handle(Object(Illuminate\Http\Request), Object(Closure))
#25 D:\file_moi\xampp\htdocs\Khoaluantotnghiep\kdcl-2023\vendor\laravel\framework\src\Illuminate\Session\Middleware\StartSession.php(56): Illuminate\Pipeline\Pipeline->Illuminate\Pipeline\{closure}(Object(Illuminate\Http\Request))
#26 D:\file_moi\xampp\htdocs\Khoaluantotnghiep\kdcl-2023\vendor\laravel\framework\src\Illuminate\Pipeline\Pipeline.php(171): Illuminate\Session\Middleware\StartSession->handle(Object(Illuminate\Http\Request), Object(Closure))
#27 D:\file_moi\xampp\htdocs\Khoaluantotnghiep\kdcl-2023\vendor\laravel\framework\src\Illuminate\Cookie\Middleware\AddQueuedCookiesToResponse.php(37): Illuminate\Pipeline\Pipeline->Illuminate\Pipeline\{closure}(Object(Illuminate\Http\Request))
#28 D:\file_moi\xampp\htdocs\Khoaluantotnghiep\kdcl-2023\vendor\laravel\framework\src\Illuminate\Pipeline\Pipeline.php(171): Illuminate\Cookie\Middleware\AddQueuedCookiesToResponse->handle(Object(Illuminate\Http\Request), Object(Closure))
#29 D:\file_moi\xampp\htdocs\Khoaluantotnghiep\kdcl-2023\vendor\laravel\framework\src\Illuminate\Cookie\Middleware\EncryptCookies.php(67): Illuminate\Pipeline\Pipeline->Illuminate\Pipeline\{closure}(Object(Illuminate\Http\Request))
#30 D:\file_moi\xampp\htdocs\Khoaluantotnghiep\kdcl-2023\vendor\laravel\framework\src\Illuminate\Pipeline\Pipeline.php(171): Illuminate\Cookie\Middleware\EncryptCookies->handle(Object(Illuminate\Http\Request), Object(Closure))
#31 D:\file_moi\xampp\htdocs\Khoaluantotnghiep\kdcl-2023\vendor\laravel\framework\src\Illuminate\Pipeline\Pipeline.php(105): Illuminate\Pipeline\Pipeline->Illuminate\Pipeline\{closure}(Object(Illuminate\Http\Request))
#32 D:\file_moi\xampp\htdocs\Khoaluantotnghiep\kdcl-2023\vendor\laravel\framework\src\Illuminate\Routing\Router.php(683): Illuminate\Pipeline\Pipeline->then(Object(Closure))
#33 D:\file_moi\xampp\htdocs\Khoaluantotnghiep\kdcl-2023\vendor\laravel\framework\src\Illuminate\Routing\Router.php(658): Illuminate\Routing\Router->runRouteWithinStack(Object(Illuminate\Routing\Route), Object(Illuminate\Http\Request))
#34 D:\file_moi\xampp\htdocs\Khoaluantotnghiep\kdcl-2023\vendor\laravel\framework\src\Illuminate\Routing\Router.php(624): Illuminate\Routing\Router->runRoute(Object(Illuminate\Http\Request), Object(Illuminate\Routing\Route))
#35 D:\file_moi\xampp\htdocs\Khoaluantotnghiep\kdcl-2023\vendor\laravel\framework\src\Illuminate\Routing\Router.php(613): Illuminate\Routing\Router->dispatchToRoute(Object(Illuminate\Http\Request))
#36 D:\file_moi\xampp\htdocs\Khoaluantotnghiep\kdcl-2023\vendor\laravel\framework\src\Illuminate\Foundation\Http\Kernel.php(170): Illuminate\Routing\Router->dispatch(Object(Illuminate\Http\Request))
#37 D:\file_moi\xampp\htdocs\Khoaluantotnghiep\kdcl-2023\vendor\laravel\framework\src\Illuminate\Pipeline\Pipeline.php(130): Illuminate\Foundation\Http\Kernel->Illuminate\Foundation\Http\{closure}(Object(Illuminate\Http\Request))
#38 D:\file_moi\xampp\htdocs\Khoaluantotnghiep\kdcl-2023\vendor\barryvdh\laravel-debugbar\src\Middleware\InjectDebugbar.php(67): Illuminate\Pipeline\Pipeline->Illuminate\Pipeline\{closure}(Object(Illuminate\Http\Request))
#39 D:\file_moi\xampp\htdocs\Khoaluantotnghiep\kdcl-2023\vendor\laravel\framework\src\Illuminate\Pipeline\Pipeline.php(171): Barryvdh\Debugbar\Middleware\InjectDebugbar->handle(Object(Illuminate\Http\Request), Object(Closure))
#40 D:\file_moi\xampp\htdocs\Khoaluantotnghiep\kdcl-2023\vendor\laravel\framework\src\Illuminate\Foundation\Http\Middleware\TransformsRequest.php(21): Illuminate\Pipeline\Pipeline->Illuminate\Pipeline\{closure}(Object(Illuminate\Http\Request))
#41 D:\file_moi\xampp\htdocs\Khoaluantotnghiep\kdcl-2023\vendor\laravel\framework\src\Illuminate\Pipeline\Pipeline.php(171): Illuminate\Foundation\Http\Middleware\TransformsRequest->handle(Object(Illuminate\Http\Request), Object(Closure))
#42 D:\file_moi\xampp\htdocs\Khoaluantotnghiep\kdcl-2023\vendor\laravel\framework\src\Illuminate\Foundation\Http\Middleware\TransformsRequest.php(21): Illuminate\Pipeline\Pipeline->Illuminate\Pipeline\{closure}(Object(Illuminate\Http\Request))
#43 D:\file_moi\xampp\htdocs\Khoaluantotnghiep\kdcl-2023\vendor\laravel\framework\src\Illuminate\Pipeline\Pipeline.php(171): Illuminate\Foundation\Http\Middleware\TransformsRequest->handle(Object(Illuminate\Http\Request), Object(Closure))
#44 D:\file_moi\xampp\htdocs\Khoaluantotnghiep\kdcl-2023\vendor\laravel\framework\src\Illuminate\Foundation\Http\Middleware\ValidatePostSize.php(27): Illuminate\Pipeline\Pipeline->Illuminate\Pipeline\{closure}(Object(Illuminate\Http\Request))
#45 D:\file_moi\xampp\htdocs\Khoaluantotnghiep\kdcl-2023\vendor\laravel\framework\src\Illuminate\Pipeline\Pipeline.php(171): Illuminate\Foundation\Http\Middleware\ValidatePostSize->handle(Object(Illuminate\Http\Request), Object(Closure))
#46 D:\file_moi\xampp\htdocs\Khoaluantotnghiep\kdcl-2023\vendor\laravel\framework\src\Illuminate\Foundation\Http\Middleware\CheckForMaintenanceMode.php(63): Illuminate\Pipeline\Pipeline->Illuminate\Pipeline\{closure}(Object(Illuminate\Http\Request))
#47 D:\file_moi\xampp\htdocs\Khoaluantotnghiep\kdcl-2023\vendor\laravel\framework\src\Illuminate\Pipeline\Pipeline.php(171): Illuminate\Foundation\Http\Middleware\CheckForMaintenanceMode->handle(Object(Illuminate\Http\Request), Object(Closure))
#48 D:\file_moi\xampp\htdocs\Khoaluantotnghiep\kdcl-2023\vendor\fideloper\proxy\src\TrustProxies.php(57): Illuminate\Pipeline\Pipeline->Illuminate\Pipeline\{closure}(Object(Illuminate\Http\Request))
#49 D:\file_moi\xampp\htdocs\Khoaluantotnghiep\kdcl-2023\vendor\laravel\framework\src\Illuminate\Pipeline\Pipeline.php(171): Fideloper\Proxy\TrustProxies->handle(Object(Illuminate\Http\Request), Object(Closure))
#50 D:\file_moi\xampp\htdocs\Khoaluantotnghiep\kdcl-2023\vendor\laravel\framework\src\Illuminate\Pipeline\Pipeline.php(105): Illuminate\Pipeline\Pipeline->Illuminate\Pipeline\{closure}(Object(Illuminate\Http\Request))
#51 D:\file_moi\xampp\htdocs\Khoaluantotnghiep\kdcl-2023\vendor\laravel\framework\src\Illuminate\Foundation\Http\Kernel.php(145): Illuminate\Pipeline\Pipeline->then(Object(Closure))
#52 D:\file_moi\xampp\htdocs\Khoaluantotnghiep\kdcl-2023\vendor\laravel\framework\src\Illuminate\Foundation\Http\Kernel.php(110): Illuminate\Foundation\Http\Kernel->sendRequestThroughRouter(Object(Illuminate\Http\Request))
#53 D:\file_moi\xampp\htdocs\Khoaluantotnghiep\kdcl-2023\public\index.php(55): Illuminate\Foundation\Http\Kernel->handle(Object(Illuminate\Http\Request))
#54 {main}  
